
> vanity-cloakseed@3.0.0 dev
> vite


  VITE v5.4.21  ready in 366 ms

  ➜  Local:   http://localhost:5173/
  ➜  Network: http://192.0.0.2:5173/
1:33:42 PM [vite] hmr update /src/App.jsx, /src/index.css
1:34:30 PM [vite] hmr update /src/App.jsx, /src/index.css
2:10:17 PM [vite] hmr update /src/App.jsx, /src/index.css
2:11:07 PM [vite] hmr update /src/App.jsx, /src/index.css
2:13:23 PM [vite] hmr update /src/App.jsx, /src/index.css
2:13:28 PM [vite] hmr update /src/App.jsx, /src/index.css
2:13:30 PM [vite] hmr update /src/App.jsx, /src/index.css
2:14:03 PM [vite] hmr update /src/App.jsx, /src/index.css
2:15:59 PM [vite] hmr update /src/App.jsx, /src/index.css
2:17:15 PM [vite] hmr update /src/App.jsx, /src/index.css
2:18:34 PM [vite] hmr update /src/App.jsx, /src/index.css
2:19:37 PM [vite] hmr update /src/App.jsx, /src/index.css
2:24:00 PM [vite] hmr update /src/App.jsx, /src/index.css
2:25:23 PM [vite] hmr update /src/App.jsx, /src/index.css
2:26:38 PM [vite] hmr update /src/App.jsx, /src/index.css
2:26:44 PM [vite] hmr update /src/App.jsx, /src/index.css
2:27:47 PM [vite] hmr update /src/App.jsx, /src/index.css
2:28:40 PM [vite] hmr update /src/App.jsx, /src/index.css
2:29:59 PM [vite] hmr update /src/App.jsx, /src/index.css
2:30:38 PM [vite] hmr update /src/App.jsx, /src/index.css
2:31:32 PM [vite] hmr update /src/App.jsx, /src/index.css
2:32:20 PM [vite] hmr update /src/App.jsx, /src/index.css
2:33:21 PM [vite] hmr update /src/index.css, /src/App.jsx
2:34:28 PM [vite] hmr update /src/App.jsx, /src/index.css
